d:\projet\frogengine\windowevent\x64\debug\windowevent.pch
d:\projet\frogengine\windowevent\x64\debug\vc141.pdb
d:\projet\frogengine\windowevent\x64\debug\vc141.idb
d:\projet\frogengine\windowevent\x64\debug\stdafx.obj
d:\projet\frogengine\windowevent\x64\debug\dllmain.obj
d:\projet\frogengine\windowevent\x64\debug\sdlevent.obj
d:\projet\frogengine\windowevent\x64\debug\sdlwindow.obj
d:\projet\frogengine\windowevent\x64\debug\sfmlevent.obj
d:\projet\frogengine\windowevent\x64\debug\sfmlwindow.obj
d:\projet\frogengine\x64\debug\windowevent.ilk
d:\projet\frogengine\x64\debug\windowevent.dll
d:\projet\frogengine\x64\debug\windowevent.pdb
d:\projet\frogengine\x64\debug\windowevent.lib
d:\projet\frogengine\x64\debug\windowevent.exp
d:\projet\frogengine\windowevent\x64\debug\windowevent.tlog\cl.command.1.tlog
d:\projet\frogengine\windowevent\x64\debug\windowevent.tlog\cl.read.1.tlog
d:\projet\frogengine\windowevent\x64\debug\windowevent.tlog\cl.write.1.tlog
d:\projet\frogengine\windowevent\x64\debug\windowevent.tlog\link.command.1.tlog
d:\projet\frogengine\windowevent\x64\debug\windowevent.tlog\link.read.1.tlog
d:\projet\frogengine\windowevent\x64\debug\windowevent.tlog\link.write.1.tlog
d:\projet\frogengine\windowevent\x64\debug\windowevent.tlog\windowevent.write.1u.tlog
