d:\projet\frogengine\mesh\x64\debug\mesh.pch
d:\projet\frogengine\mesh\x64\debug\vc141.pdb
d:\projet\frogengine\mesh\x64\debug\vc141.idb
d:\projet\frogengine\mesh\x64\debug\stdafx.obj
d:\projet\frogengine\mesh\x64\debug\dllmain.obj
d:\projet\frogengine\mesh\x64\debug\sdkloadermesh.obj
d:\projet\frogengine\mesh\x64\debug\femesh.obj
d:\projet\frogengine\mesh\x64\debug\femeshfbx.obj
d:\projet\frogengine\mesh\x64\debug\femeshobj.obj
d:\projet\frogengine\mesh\x64\debug\femeshskybox.obj
d:\projet\frogengine\mesh\x64\debug\feloadermesh.obj
d:\projet\frogengine\mesh\x64\debug\mesh.obj
d:\projet\frogengine\x64\debug\mesh.ilk
d:\projet\frogengine\x64\debug\mesh.dll
d:\projet\frogengine\x64\debug\mesh.pdb
d:\projet\frogengine\x64\debug\mesh.lib
d:\projet\frogengine\x64\debug\mesh.exp
d:\projet\frogengine\mesh\x64\debug\mesh.tlog\cl.command.1.tlog
d:\projet\frogengine\mesh\x64\debug\mesh.tlog\cl.read.1.tlog
d:\projet\frogengine\mesh\x64\debug\mesh.tlog\cl.write.1.tlog
d:\projet\frogengine\mesh\x64\debug\mesh.tlog\link.command.1.tlog
d:\projet\frogengine\mesh\x64\debug\mesh.tlog\link.read.1.tlog
d:\projet\frogengine\mesh\x64\debug\mesh.tlog\link.write.1.tlog
d:\projet\frogengine\mesh\x64\debug\mesh.tlog\mesh.write.1u.tlog
