d:\projet\frogengine\core\x64\debug\core.pch
d:\projet\frogengine\core\x64\debug\vc141.pdb
d:\projet\frogengine\core\x64\debug\vc141.idb
d:\projet\frogengine\core\x64\debug\stdafx.obj
d:\projet\frogengine\core\x64\debug\femotionstate.obj
d:\projet\frogengine\core\x64\debug\fespherecollider.obj
d:\projet\frogengine\core\x64\debug\fecamera.obj
d:\projet\frogengine\core\x64\debug\feeditorcamera.obj
d:\projet\frogengine\core\x64\debug\core.obj
d:\projet\frogengine\core\x64\debug\feobject.obj
d:\projet\frogengine\core\x64\debug\fetransform.obj
d:\projet\frogengine\core\x64\debug\feboundingsphere.obj
d:\projet\frogengine\core\x64\debug\feray.obj
d:\projet\frogengine\core\x64\debug\fedevice.obj
d:\projet\frogengine\core\x64\debug\feinputmanager.obj
d:\projet\frogengine\core\x64\debug\felightmanager.obj
d:\projet\frogengine\core\x64\debug\feresourcemanager.obj
d:\projet\frogengine\core\x64\debug\fescene.obj
d:\projet\frogengine\core\x64\debug\fescenemanager.obj
d:\projet\frogengine\core\x64\debug\feserializemanager.obj
d:\projet\frogengine\core\x64\debug\fedebugdrawer.obj
d:\projet\frogengine\core\x64\debug\fephysicsmanager.obj
d:\projet\frogengine\core\x64\debug\fedriver.obj
d:\projet\frogengine\core\x64\debug\fefrustum.obj
d:\projet\frogengine\core\x64\debug\fecomponent.obj
d:\projet\frogengine\core\x64\debug\feambiantlight.obj
d:\projet\frogengine\core\x64\debug\fedirectionallight.obj
d:\projet\frogengine\core\x64\debug\felight.obj
d:\projet\frogengine\core\x64\debug\felightmaterial.obj
d:\projet\frogengine\core\x64\debug\fespotlight.obj
d:\projet\frogengine\core\x64\debug\femodel.obj
d:\projet\frogengine\core\x64\debug\feboxcollider.obj
d:\projet\frogengine\core\x64\debug\fecapsulecollider.obj
d:\projet\frogengine\core\x64\debug\fecollider.obj
d:\projet\frogengine\core\x64\debug\dllmain.obj
d:\projet\frogengine\x64\debug\core.lib
d:\projet\frogengine\x64\debug\core.exp
d:\projet\frogengine\x64\debug\core.ilk
d:\projet\frogengine\x64\debug\core.dll
d:\projet\frogengine\x64\debug\core.pdb
d:\projet\frogengine\core\x64\debug\core.tlog\cl.command.1.tlog
d:\projet\frogengine\core\x64\debug\core.tlog\cl.read.1.tlog
d:\projet\frogengine\core\x64\debug\core.tlog\cl.write.1.tlog
d:\projet\frogengine\core\x64\debug\core.tlog\core.write.1u.tlog
d:\projet\frogengine\core\x64\debug\core.tlog\link.command.1.tlog
d:\projet\frogengine\core\x64\debug\core.tlog\link.read.1.tlog
d:\projet\frogengine\core\x64\debug\core.tlog\link.write.1.tlog
