d:\projet\frogengine\math\x64\debug\vc141.pdb
d:\projet\frogengine\math\x64\debug\vc141.idb
d:\projet\frogengine\math\x64\debug\dllmain.obj
d:\projet\frogengine\math\x64\debug\matrix4.obj
d:\projet\frogengine\math\x64\debug\quaternion.obj
d:\projet\frogengine\math\x64\debug\stdafx.obj
d:\projet\frogengine\math\x64\debug\tools.obj
d:\projet\frogengine\math\x64\debug\vector2d.obj
d:\projet\frogengine\math\x64\debug\vector3d.obj
d:\projet\frogengine\math\x64\debug\vector4d.obj
d:\projet\frogengine\x64\debug\math.ilk
d:\projet\frogengine\x64\debug\math.dll
d:\projet\frogengine\x64\debug\math.pdb
d:\projet\frogengine\x64\debug\math.lib
d:\projet\frogengine\x64\debug\math.exp
d:\projet\frogengine\math\x64\debug\math.tlog\cl.command.1.tlog
d:\projet\frogengine\math\x64\debug\math.tlog\cl.read.1.tlog
d:\projet\frogengine\math\x64\debug\math.tlog\cl.write.1.tlog
d:\projet\frogengine\math\x64\debug\math.tlog\link.command.1.tlog
d:\projet\frogengine\math\x64\debug\math.tlog\link.read.1.tlog
d:\projet\frogengine\math\x64\debug\math.tlog\link.write.1.tlog
d:\projet\frogengine\math\x64\debug\math.tlog\math.write.1u.tlog
