d:\projet\frogengine\rhi\x64\debug\rhi.pch
d:\projet\frogengine\rhi\x64\debug\vc141.pdb
d:\projet\frogengine\rhi\x64\debug\vc141.idb
d:\projet\frogengine\rhi\x64\debug\stdafx.obj
d:\projet\frogengine\rhi\x64\debug\glbuffer.obj
d:\projet\frogengine\rhi\x64\debug\glbufferobject.obj
d:\projet\frogengine\rhi\x64\debug\verticesdata.obj
d:\projet\frogengine\rhi\x64\debug\rhierror.obj
d:\projet\frogengine\rhi\x64\debug\glrenderer.obj
d:\projet\frogengine\rhi\x64\debug\rhi.obj
d:\projet\frogengine\rhi\x64\debug\d3dshader.obj
d:\projet\frogengine\rhi\x64\debug\glshader.obj
d:\projet\frogengine\rhi\x64\debug\gltexture.obj
d:\projet\frogengine\x64\debug\rhi.ilk
d:\projet\frogengine\x64\debug\rhi.dll
d:\projet\frogengine\x64\debug\rhi.pdb
d:\projet\frogengine\x64\debug\rhi.lib
d:\projet\frogengine\x64\debug\rhi.exp
d:\projet\frogengine\rhi\x64\debug\rhi.tlog\cl.command.1.tlog
d:\projet\frogengine\rhi\x64\debug\rhi.tlog\cl.read.1.tlog
d:\projet\frogengine\rhi\x64\debug\rhi.tlog\cl.write.1.tlog
d:\projet\frogengine\rhi\x64\debug\rhi.tlog\link.command.1.tlog
d:\projet\frogengine\rhi\x64\debug\rhi.tlog\link.read.1.tlog
d:\projet\frogengine\rhi\x64\debug\rhi.tlog\link.write.1.tlog
d:\projet\frogengine\rhi\x64\debug\rhi.tlog\rhi.write.1u.tlog
