d:\projet\frogengine\material\x64\debug\material.pch
d:\projet\frogengine\material\x64\debug\vc141.pdb
d:\projet\frogengine\material\x64\debug\vc141.idb
d:\projet\frogengine\material\x64\debug\stdafx.obj
d:\projet\frogengine\material\x64\debug\dllmain.obj
d:\projet\frogengine\material\x64\debug\fematerial.obj
d:\projet\frogengine\material\x64\debug\fematerialfbx.obj
d:\projet\frogengine\material\x64\debug\feloadermaterial.obj
d:\projet\frogengine\material\x64\debug\material.obj
d:\projet\frogengine\x64\debug\material.ilk
d:\projet\frogengine\x64\debug\material.dll
d:\projet\frogengine\x64\debug\material.pdb
d:\projet\frogengine\x64\debug\material.lib
d:\projet\frogengine\x64\debug\material.exp
d:\projet\frogengine\material\x64\debug\material.tlog\cl.command.1.tlog
d:\projet\frogengine\material\x64\debug\material.tlog\cl.read.1.tlog
d:\projet\frogengine\material\x64\debug\material.tlog\cl.write.1.tlog
d:\projet\frogengine\material\x64\debug\material.tlog\link.command.1.tlog
d:\projet\frogengine\material\x64\debug\material.tlog\link.read.1.tlog
d:\projet\frogengine\material\x64\debug\material.tlog\link.write.1.tlog
d:\projet\frogengine\material\x64\debug\material.tlog\material.write.1u.tlog
