  Uic'ing QfeMainWindow.ui...
  The system cannot find the path specified.
  Moc'ing QfeDrawer.h...
  The system cannot find the path specified.
  Moc'ing QfeEditorTree.h...
  The system cannot find the path specified.
  Moc'ing QfeEditorInspector.h...
  The system cannot find the path specified.
  Moc'ing QfeInspectorTransformWidget.h...
  The system cannot find the path specified.
  Moc'ing QfeInspectorModelWidget.h...
  The system cannot find the path specified.
  Moc'ing QfeInspectorDock.h...
  The system cannot find the path specified.
  Moc'ing QfeTreeViewDock.h...
  The system cannot find the path specified.
  Moc'ing QfeInspectorLightMaterialWidget.h...
  The system cannot find the path specified.
  Moc'ing QfeInspectorLightWidget.h...
  The system cannot find the path specified.
  Moc'ing QfeInspectorCameraWidget.h...
  The system cannot find the path specified.
  Moc'ing QfeMainWindow.h...
  The system cannot find the path specified.
  Rcc'ing QfeMainWindow.qrc...
  The system cannot find the path specified.
C:\Program Files (x86)\Microsoft Visual Studio\2017\Community\Common7\IDE\VC\VCTargets\Microsoft.CppCommon.targets(171,5): error MSB6006: "cmd.exe" exited with code 3.
